ERROR - 2025-10-21 12:18:01 --> Error connecting to the database: mysqli_sql_exception: Access denied for user 'root'@'localhost' (using password: YES) in C:\xampp\htdocs\tusbinright\system\Database\MySQLi\Connection.php:201
Stack trace:
#0 C:\xampp\htdocs\tusbinright\system\Database\MySQLi\Connection.php(201): mysqli->real_connect('localhost', 'root', Object(SensitiveParameterValue), 'tusbinright', 3306, '', 0)
#1 C:\xampp\htdocs\tusbinright\system\Database\BaseConnection.php(419): CodeIgniter\Database\MySQLi\Connection->connect(false)
#2 C:\xampp\htdocs\tusbinright\system\Database\BaseConnection.php(614): CodeIgniter\Database\BaseConnection->initialize()
#3 C:\xampp\htdocs\tusbinright\system\Database\BaseBuilder.php(1649): CodeIgniter\Database\BaseConnection->query('SELECT `users`....', Array, false)
#4 C:\xampp\htdocs\tusbinright\app\Controllers\AuthController.php(205): CodeIgniter\Database\BaseBuilder->get()
#5 C:\xampp\htdocs\tusbinright\system\CodeIgniter.php(933): App\Controllers\AuthController->profile()
#6 C:\xampp\htdocs\tusbinright\system\CodeIgniter.php(507): CodeIgniter\CodeIgniter->runController(Object(App\Controllers\AuthController))
#7 C:\xampp\htdocs\tusbinright\system\CodeIgniter.php(354): CodeIgniter\CodeIgniter->handleRequest(NULL, Object(Config\Cache), false)
#8 C:\xampp\htdocs\tusbinright\system\Boot.php(363): CodeIgniter\CodeIgniter->run()
#9 C:\xampp\htdocs\tusbinright\system\Boot.php(68): CodeIgniter\Boot::runCodeIgniter(Object(CodeIgniter\CodeIgniter))
#10 C:\xampp\htdocs\tusbinright\public\index.php(59): CodeIgniter\Boot::bootWeb(Object(Config\Paths))
#11 {main}

Next CodeIgniter\Database\Exceptions\DatabaseException: Access denied for user '****'@'localhost' (using password: YES) in C:\xampp\htdocs\tusbinright\system\Database\MySQLi\Connection.php:246
Stack trace:
#0 C:\xampp\htdocs\tusbinright\system\Database\BaseConnection.php(419): CodeIgniter\Database\MySQLi\Connection->connect(false)
#1 C:\xampp\htdocs\tusbinright\system\Database\BaseConnection.php(614): CodeIgniter\Database\BaseConnection->initialize()
#2 C:\xampp\htdocs\tusbinright\system\Database\BaseBuilder.php(1649): CodeIgniter\Database\BaseConnection->query('SELECT `users`....', Array, false)
#3 C:\xampp\htdocs\tusbinright\app\Controllers\AuthController.php(205): CodeIgniter\Database\BaseBuilder->get()
#4 C:\xampp\htdocs\tusbinright\system\CodeIgniter.php(933): App\Controllers\AuthController->profile()
#5 C:\xampp\htdocs\tusbinright\system\CodeIgniter.php(507): CodeIgniter\CodeIgniter->runController(Object(App\Controllers\AuthController))
#6 C:\xampp\htdocs\tusbinright\system\CodeIgniter.php(354): CodeIgniter\CodeIgniter->handleRequest(NULL, Object(Config\Cache), false)
#7 C:\xampp\htdocs\tusbinright\system\Boot.php(363): CodeIgniter\CodeIgniter->run()
#8 C:\xampp\htdocs\tusbinright\system\Boot.php(68): CodeIgniter\Boot::runCodeIgniter(Object(CodeIgniter\CodeIgniter))
#9 C:\xampp\htdocs\tusbinright\public\index.php(59): CodeIgniter\Boot::bootWeb(Object(Config\Paths))
#10 {main}
ERROR - 2025-10-21 12:18:01 --> Profile fetch failed: Unable to connect to the database.
Main connection [MySQLi]: Access denied for user '****'@'localhost' (using password: YES)
ERROR - 2025-10-21 12:18:12 --> Error connecting to the database: mysqli_sql_exception: Access denied for user 'root'@'localhost' (using password: YES) in C:\xampp\htdocs\tusbinright\system\Database\MySQLi\Connection.php:201
Stack trace:
#0 C:\xampp\htdocs\tusbinright\system\Database\MySQLi\Connection.php(201): mysqli->real_connect('localhost', 'root', Object(SensitiveParameterValue), 'tusbinright', 3306, '', 0)
#1 C:\xampp\htdocs\tusbinright\system\Database\BaseConnection.php(419): CodeIgniter\Database\MySQLi\Connection->connect(false)
#2 C:\xampp\htdocs\tusbinright\system\Database\BaseConnection.php(614): CodeIgniter\Database\BaseConnection->initialize()
#3 C:\xampp\htdocs\tusbinright\system\Database\BaseBuilder.php(1649): CodeIgniter\Database\BaseConnection->query('SELECT `users`....', Array, false)
#4 C:\xampp\htdocs\tusbinright\app\Controllers\AuthController.php(117): CodeIgniter\Database\BaseBuilder->get()
#5 C:\xampp\htdocs\tusbinright\system\CodeIgniter.php(933): App\Controllers\AuthController->login()
#6 C:\xampp\htdocs\tusbinright\system\CodeIgniter.php(507): CodeIgniter\CodeIgniter->runController(Object(App\Controllers\AuthController))
#7 C:\xampp\htdocs\tusbinright\system\CodeIgniter.php(354): CodeIgniter\CodeIgniter->handleRequest(NULL, Object(Config\Cache), false)
#8 C:\xampp\htdocs\tusbinright\system\Boot.php(363): CodeIgniter\CodeIgniter->run()
#9 C:\xampp\htdocs\tusbinright\system\Boot.php(68): CodeIgniter\Boot::runCodeIgniter(Object(CodeIgniter\CodeIgniter))
#10 C:\xampp\htdocs\tusbinright\public\index.php(59): CodeIgniter\Boot::bootWeb(Object(Config\Paths))
#11 {main}

Next CodeIgniter\Database\Exceptions\DatabaseException: Access denied for user '****'@'localhost' (using password: YES) in C:\xampp\htdocs\tusbinright\system\Database\MySQLi\Connection.php:246
Stack trace:
#0 C:\xampp\htdocs\tusbinright\system\Database\BaseConnection.php(419): CodeIgniter\Database\MySQLi\Connection->connect(false)
#1 C:\xampp\htdocs\tusbinright\system\Database\BaseConnection.php(614): CodeIgniter\Database\BaseConnection->initialize()
#2 C:\xampp\htdocs\tusbinright\system\Database\BaseBuilder.php(1649): CodeIgniter\Database\BaseConnection->query('SELECT `users`....', Array, false)
#3 C:\xampp\htdocs\tusbinright\app\Controllers\AuthController.php(117): CodeIgniter\Database\BaseBuilder->get()
#4 C:\xampp\htdocs\tusbinright\system\CodeIgniter.php(933): App\Controllers\AuthController->login()
#5 C:\xampp\htdocs\tusbinright\system\CodeIgniter.php(507): CodeIgniter\CodeIgniter->runController(Object(App\Controllers\AuthController))
#6 C:\xampp\htdocs\tusbinright\system\CodeIgniter.php(354): CodeIgniter\CodeIgniter->handleRequest(NULL, Object(Config\Cache), false)
#7 C:\xampp\htdocs\tusbinright\system\Boot.php(363): CodeIgniter\CodeIgniter->run()
#8 C:\xampp\htdocs\tusbinright\system\Boot.php(68): CodeIgniter\Boot::runCodeIgniter(Object(CodeIgniter\CodeIgniter))
#9 C:\xampp\htdocs\tusbinright\public\index.php(59): CodeIgniter\Boot::bootWeb(Object(Config\Paths))
#10 {main}
ERROR - 2025-10-21 12:18:12 --> Login failed: Unable to connect to the database.
Main connection [MySQLi]: Access denied for user '****'@'localhost' (using password: YES)
ERROR - 2025-10-21 12:18:14 --> Error connecting to the database: mysqli_sql_exception: Access denied for user 'root'@'localhost' (using password: YES) in C:\xampp\htdocs\tusbinright\system\Database\MySQLi\Connection.php:201
Stack trace:
#0 C:\xampp\htdocs\tusbinright\system\Database\MySQLi\Connection.php(201): mysqli->real_connect('localhost', 'root', Object(SensitiveParameterValue), 'tusbinright', 3306, '', 0)
#1 C:\xampp\htdocs\tusbinright\system\Database\BaseConnection.php(419): CodeIgniter\Database\MySQLi\Connection->connect(false)
#2 C:\xampp\htdocs\tusbinright\system\Database\BaseConnection.php(614): CodeIgniter\Database\BaseConnection->initialize()
#3 C:\xampp\htdocs\tusbinright\system\Database\BaseBuilder.php(1649): CodeIgniter\Database\BaseConnection->query('SELECT `users`....', Array, false)
#4 C:\xampp\htdocs\tusbinright\app\Controllers\AuthController.php(117): CodeIgniter\Database\BaseBuilder->get()
#5 C:\xampp\htdocs\tusbinright\system\CodeIgniter.php(933): App\Controllers\AuthController->login()
#6 C:\xampp\htdocs\tusbinright\system\CodeIgniter.php(507): CodeIgniter\CodeIgniter->runController(Object(App\Controllers\AuthController))
#7 C:\xampp\htdocs\tusbinright\system\CodeIgniter.php(354): CodeIgniter\CodeIgniter->handleRequest(NULL, Object(Config\Cache), false)
#8 C:\xampp\htdocs\tusbinright\system\Boot.php(363): CodeIgniter\CodeIgniter->run()
#9 C:\xampp\htdocs\tusbinright\system\Boot.php(68): CodeIgniter\Boot::runCodeIgniter(Object(CodeIgniter\CodeIgniter))
#10 C:\xampp\htdocs\tusbinright\public\index.php(59): CodeIgniter\Boot::bootWeb(Object(Config\Paths))
#11 {main}

Next CodeIgniter\Database\Exceptions\DatabaseException: Access denied for user '****'@'localhost' (using password: YES) in C:\xampp\htdocs\tusbinright\system\Database\MySQLi\Connection.php:246
Stack trace:
#0 C:\xampp\htdocs\tusbinright\system\Database\BaseConnection.php(419): CodeIgniter\Database\MySQLi\Connection->connect(false)
#1 C:\xampp\htdocs\tusbinright\system\Database\BaseConnection.php(614): CodeIgniter\Database\BaseConnection->initialize()
#2 C:\xampp\htdocs\tusbinright\system\Database\BaseBuilder.php(1649): CodeIgniter\Database\BaseConnection->query('SELECT `users`....', Array, false)
#3 C:\xampp\htdocs\tusbinright\app\Controllers\AuthController.php(117): CodeIgniter\Database\BaseBuilder->get()
#4 C:\xampp\htdocs\tusbinright\system\CodeIgniter.php(933): App\Controllers\AuthController->login()
#5 C:\xampp\htdocs\tusbinright\system\CodeIgniter.php(507): CodeIgniter\CodeIgniter->runController(Object(App\Controllers\AuthController))
#6 C:\xampp\htdocs\tusbinright\system\CodeIgniter.php(354): CodeIgniter\CodeIgniter->handleRequest(NULL, Object(Config\Cache), false)
#7 C:\xampp\htdocs\tusbinright\system\Boot.php(363): CodeIgniter\CodeIgniter->run()
#8 C:\xampp\htdocs\tusbinright\system\Boot.php(68): CodeIgniter\Boot::runCodeIgniter(Object(CodeIgniter\CodeIgniter))
#9 C:\xampp\htdocs\tusbinright\public\index.php(59): CodeIgniter\Boot::bootWeb(Object(Config\Paths))
#10 {main}
ERROR - 2025-10-21 12:18:14 --> Login failed: Unable to connect to the database.
Main connection [MySQLi]: Access denied for user '****'@'localhost' (using password: YES)
ERROR - 2025-10-21 12:18:14 --> Error connecting to the database: mysqli_sql_exception: Access denied for user 'root'@'localhost' (using password: YES) in C:\xampp\htdocs\tusbinright\system\Database\MySQLi\Connection.php:201
Stack trace:
#0 C:\xampp\htdocs\tusbinright\system\Database\MySQLi\Connection.php(201): mysqli->real_connect('localhost', 'root', Object(SensitiveParameterValue), 'tusbinright', 3306, '', 0)
#1 C:\xampp\htdocs\tusbinright\system\Database\BaseConnection.php(419): CodeIgniter\Database\MySQLi\Connection->connect(false)
#2 C:\xampp\htdocs\tusbinright\system\Database\BaseConnection.php(614): CodeIgniter\Database\BaseConnection->initialize()
#3 C:\xampp\htdocs\tusbinright\system\Database\BaseBuilder.php(1649): CodeIgniter\Database\BaseConnection->query('SELECT `users`....', Array, false)
#4 C:\xampp\htdocs\tusbinright\app\Controllers\AuthController.php(117): CodeIgniter\Database\BaseBuilder->get()
#5 C:\xampp\htdocs\tusbinright\system\CodeIgniter.php(933): App\Controllers\AuthController->login()
#6 C:\xampp\htdocs\tusbinright\system\CodeIgniter.php(507): CodeIgniter\CodeIgniter->runController(Object(App\Controllers\AuthController))
#7 C:\xampp\htdocs\tusbinright\system\CodeIgniter.php(354): CodeIgniter\CodeIgniter->handleRequest(NULL, Object(Config\Cache), false)
#8 C:\xampp\htdocs\tusbinright\system\Boot.php(363): CodeIgniter\CodeIgniter->run()
#9 C:\xampp\htdocs\tusbinright\system\Boot.php(68): CodeIgniter\Boot::runCodeIgniter(Object(CodeIgniter\CodeIgniter))
#10 C:\xampp\htdocs\tusbinright\public\index.php(59): CodeIgniter\Boot::bootWeb(Object(Config\Paths))
#11 {main}

Next CodeIgniter\Database\Exceptions\DatabaseException: Access denied for user '****'@'localhost' (using password: YES) in C:\xampp\htdocs\tusbinright\system\Database\MySQLi\Connection.php:246
Stack trace:
#0 C:\xampp\htdocs\tusbinright\system\Database\BaseConnection.php(419): CodeIgniter\Database\MySQLi\Connection->connect(false)
#1 C:\xampp\htdocs\tusbinright\system\Database\BaseConnection.php(614): CodeIgniter\Database\BaseConnection->initialize()
#2 C:\xampp\htdocs\tusbinright\system\Database\BaseBuilder.php(1649): CodeIgniter\Database\BaseConnection->query('SELECT `users`....', Array, false)
#3 C:\xampp\htdocs\tusbinright\app\Controllers\AuthController.php(117): CodeIgniter\Database\BaseBuilder->get()
#4 C:\xampp\htdocs\tusbinright\system\CodeIgniter.php(933): App\Controllers\AuthController->login()
#5 C:\xampp\htdocs\tusbinright\system\CodeIgniter.php(507): CodeIgniter\CodeIgniter->runController(Object(App\Controllers\AuthController))
#6 C:\xampp\htdocs\tusbinright\system\CodeIgniter.php(354): CodeIgniter\CodeIgniter->handleRequest(NULL, Object(Config\Cache), false)
#7 C:\xampp\htdocs\tusbinright\system\Boot.php(363): CodeIgniter\CodeIgniter->run()
#8 C:\xampp\htdocs\tusbinright\system\Boot.php(68): CodeIgniter\Boot::runCodeIgniter(Object(CodeIgniter\CodeIgniter))
#9 C:\xampp\htdocs\tusbinright\public\index.php(59): CodeIgniter\Boot::bootWeb(Object(Config\Paths))
#10 {main}
ERROR - 2025-10-21 12:18:14 --> Login failed: Unable to connect to the database.
Main connection [MySQLi]: Access denied for user '****'@'localhost' (using password: YES)
ERROR - 2025-10-21 12:21:42 --> Error connecting to the database: mysqli_sql_exception: Access denied for user 'root'@'localhost' (using password: YES) in C:\xampp\htdocs\tusbinright\system\Database\MySQLi\Connection.php:201
Stack trace:
#0 C:\xampp\htdocs\tusbinright\system\Database\MySQLi\Connection.php(201): mysqli->real_connect('localhost', 'root', Object(SensitiveParameterValue), 'tusbinright', 3306, '', 0)
#1 C:\xampp\htdocs\tusbinright\system\Database\BaseConnection.php(419): CodeIgniter\Database\MySQLi\Connection->connect(false)
#2 C:\xampp\htdocs\tusbinright\system\Database\BaseConnection.php(614): CodeIgniter\Database\BaseConnection->initialize()
#3 C:\xampp\htdocs\tusbinright\system\Database\BaseBuilder.php(1649): CodeIgniter\Database\BaseConnection->query('SELECT `users`....', Array, false)
#4 C:\xampp\htdocs\tusbinright\app\Controllers\AuthController.php(117): CodeIgniter\Database\BaseBuilder->get()
#5 C:\xampp\htdocs\tusbinright\system\CodeIgniter.php(933): App\Controllers\AuthController->login()
#6 C:\xampp\htdocs\tusbinright\system\CodeIgniter.php(507): CodeIgniter\CodeIgniter->runController(Object(App\Controllers\AuthController))
#7 C:\xampp\htdocs\tusbinright\system\CodeIgniter.php(354): CodeIgniter\CodeIgniter->handleRequest(NULL, Object(Config\Cache), false)
#8 C:\xampp\htdocs\tusbinright\system\Boot.php(363): CodeIgniter\CodeIgniter->run()
#9 C:\xampp\htdocs\tusbinright\system\Boot.php(68): CodeIgniter\Boot::runCodeIgniter(Object(CodeIgniter\CodeIgniter))
#10 C:\xampp\htdocs\tusbinright\public\index.php(59): CodeIgniter\Boot::bootWeb(Object(Config\Paths))
#11 {main}

Next CodeIgniter\Database\Exceptions\DatabaseException: Access denied for user '****'@'localhost' (using password: YES) in C:\xampp\htdocs\tusbinright\system\Database\MySQLi\Connection.php:246
Stack trace:
#0 C:\xampp\htdocs\tusbinright\system\Database\BaseConnection.php(419): CodeIgniter\Database\MySQLi\Connection->connect(false)
#1 C:\xampp\htdocs\tusbinright\system\Database\BaseConnection.php(614): CodeIgniter\Database\BaseConnection->initialize()
#2 C:\xampp\htdocs\tusbinright\system\Database\BaseBuilder.php(1649): CodeIgniter\Database\BaseConnection->query('SELECT `users`....', Array, false)
#3 C:\xampp\htdocs\tusbinright\app\Controllers\AuthController.php(117): CodeIgniter\Database\BaseBuilder->get()
#4 C:\xampp\htdocs\tusbinright\system\CodeIgniter.php(933): App\Controllers\AuthController->login()
#5 C:\xampp\htdocs\tusbinright\system\CodeIgniter.php(507): CodeIgniter\CodeIgniter->runController(Object(App\Controllers\AuthController))
#6 C:\xampp\htdocs\tusbinright\system\CodeIgniter.php(354): CodeIgniter\CodeIgniter->handleRequest(NULL, Object(Config\Cache), false)
#7 C:\xampp\htdocs\tusbinright\system\Boot.php(363): CodeIgniter\CodeIgniter->run()
#8 C:\xampp\htdocs\tusbinright\system\Boot.php(68): CodeIgniter\Boot::runCodeIgniter(Object(CodeIgniter\CodeIgniter))
#9 C:\xampp\htdocs\tusbinright\public\index.php(59): CodeIgniter\Boot::bootWeb(Object(Config\Paths))
#10 {main}
ERROR - 2025-10-21 12:21:42 --> Login failed: Unable to connect to the database.
Main connection [MySQLi]: Access denied for user '****'@'localhost' (using password: YES)
ERROR - 2025-10-21 12:22:28 --> Error connecting to the database: mysqli_sql_exception: Access denied for user 'root'@'localhost' (using password: YES) in C:\xampp\htdocs\tusbinright\system\Database\MySQLi\Connection.php:201
Stack trace:
#0 C:\xampp\htdocs\tusbinright\system\Database\MySQLi\Connection.php(201): mysqli->real_connect('localhost', 'root', Object(SensitiveParameterValue), 'tusbinright', 3306, '', 0)
#1 C:\xampp\htdocs\tusbinright\system\Database\BaseConnection.php(419): CodeIgniter\Database\MySQLi\Connection->connect(false)
#2 C:\xampp\htdocs\tusbinright\system\Database\BaseConnection.php(614): CodeIgniter\Database\BaseConnection->initialize()
#3 C:\xampp\htdocs\tusbinright\system\Database\BaseBuilder.php(1649): CodeIgniter\Database\BaseConnection->query('SELECT `users`....', Array, false)
#4 C:\xampp\htdocs\tusbinright\app\Controllers\AuthController.php(117): CodeIgniter\Database\BaseBuilder->get()
#5 C:\xampp\htdocs\tusbinright\system\CodeIgniter.php(933): App\Controllers\AuthController->login()
#6 C:\xampp\htdocs\tusbinright\system\CodeIgniter.php(507): CodeIgniter\CodeIgniter->runController(Object(App\Controllers\AuthController))
#7 C:\xampp\htdocs\tusbinright\system\CodeIgniter.php(354): CodeIgniter\CodeIgniter->handleRequest(NULL, Object(Config\Cache), false)
#8 C:\xampp\htdocs\tusbinright\system\Boot.php(363): CodeIgniter\CodeIgniter->run()
#9 C:\xampp\htdocs\tusbinright\system\Boot.php(68): CodeIgniter\Boot::runCodeIgniter(Object(CodeIgniter\CodeIgniter))
#10 C:\xampp\htdocs\tusbinright\public\index.php(59): CodeIgniter\Boot::bootWeb(Object(Config\Paths))
#11 {main}

Next CodeIgniter\Database\Exceptions\DatabaseException: Access denied for user '****'@'localhost' (using password: YES) in C:\xampp\htdocs\tusbinright\system\Database\MySQLi\Connection.php:246
Stack trace:
#0 C:\xampp\htdocs\tusbinright\system\Database\BaseConnection.php(419): CodeIgniter\Database\MySQLi\Connection->connect(false)
#1 C:\xampp\htdocs\tusbinright\system\Database\BaseConnection.php(614): CodeIgniter\Database\BaseConnection->initialize()
#2 C:\xampp\htdocs\tusbinright\system\Database\BaseBuilder.php(1649): CodeIgniter\Database\BaseConnection->query('SELECT `users`....', Array, false)
#3 C:\xampp\htdocs\tusbinright\app\Controllers\AuthController.php(117): CodeIgniter\Database\BaseBuilder->get()
#4 C:\xampp\htdocs\tusbinright\system\CodeIgniter.php(933): App\Controllers\AuthController->login()
#5 C:\xampp\htdocs\tusbinright\system\CodeIgniter.php(507): CodeIgniter\CodeIgniter->runController(Object(App\Controllers\AuthController))
#6 C:\xampp\htdocs\tusbinright\system\CodeIgniter.php(354): CodeIgniter\CodeIgniter->handleRequest(NULL, Object(Config\Cache), false)
#7 C:\xampp\htdocs\tusbinright\system\Boot.php(363): CodeIgniter\CodeIgniter->run()
#8 C:\xampp\htdocs\tusbinright\system\Boot.php(68): CodeIgniter\Boot::runCodeIgniter(Object(CodeIgniter\CodeIgniter))
#9 C:\xampp\htdocs\tusbinright\public\index.php(59): CodeIgniter\Boot::bootWeb(Object(Config\Paths))
#10 {main}
ERROR - 2025-10-21 12:22:28 --> Login failed: Unable to connect to the database.
Main connection [MySQLi]: Access denied for user '****'@'localhost' (using password: YES)
ERROR - 2025-10-21 12:24:07 --> mysqli_sql_exception: Table 'tusbinright.user' doesn't exist in C:\xampp\htdocs\tusbinright\system\Database\MySQLi\Connection.php:327
Stack trace:
#0 C:\xampp\htdocs\tusbinright\system\Database\MySQLi\Connection.php(327): mysqli->query('CALL GetAllUser...', 0)
#1 C:\xampp\htdocs\tusbinright\system\Database\BaseConnection.php(729): CodeIgniter\Database\MySQLi\Connection->execute('CALL GetAllUser...')
#2 C:\xampp\htdocs\tusbinright\system\Database\BaseConnection.php(646): CodeIgniter\Database\BaseConnection->simpleQuery('CALL GetAllUser...')
#3 C:\xampp\htdocs\tusbinright\app\Controllers\Admin\Users.php(22): CodeIgniter\Database\BaseConnection->query('CALL GetAllUser...')
#4 C:\xampp\htdocs\tusbinright\system\CodeIgniter.php(933): App\Controllers\Admin\Users->getUsers()
#5 C:\xampp\htdocs\tusbinright\system\CodeIgniter.php(507): CodeIgniter\CodeIgniter->runController(Object(App\Controllers\Admin\Users))
#6 C:\xampp\htdocs\tusbinright\system\CodeIgniter.php(354): CodeIgniter\CodeIgniter->handleRequest(NULL, Object(Config\Cache), false)
#7 C:\xampp\htdocs\tusbinright\system\Boot.php(363): CodeIgniter\CodeIgniter->run()
#8 C:\xampp\htdocs\tusbinright\system\Boot.php(68): CodeIgniter\Boot::runCodeIgniter(Object(CodeIgniter\CodeIgniter))
#9 C:\xampp\htdocs\tusbinright\public\index.php(59): CodeIgniter\Boot::bootWeb(Object(Config\Paths))
#10 {main}
CRITICAL - 2025-10-21 12:24:07 --> CodeIgniter\Database\Exceptions\DatabaseException: Table 'tusbinright.user' doesn't exist
[Method: GET, Route: admin/users]
in SYSTEMPATH\Database\BaseConnection.php on line 684.
 1 APPPATH\Controllers\Admin\Users.php(22): CodeIgniter\Database\BaseConnection->query('CALL GetAllUsers()')
 2 SYSTEMPATH\CodeIgniter.php(933): App\Controllers\Admin\Users->getUsers()
 3 SYSTEMPATH\CodeIgniter.php(507): CodeIgniter\CodeIgniter->runController(Object(App\Controllers\Admin\Users))
 4 SYSTEMPATH\CodeIgniter.php(354): CodeIgniter\CodeIgniter->handleRequest(null, Object(Config\Cache), false)
 5 SYSTEMPATH\Boot.php(363): CodeIgniter\CodeIgniter->run()
 6 SYSTEMPATH\Boot.php(68): CodeIgniter\Boot::runCodeIgniter(Object(CodeIgniter\CodeIgniter))
 7 FCPATH\index.php(59): CodeIgniter\Boot::bootWeb(Object(Config\Paths))
CRITICAL - 2025-10-21 12:24:07 --> [Caused by] CodeIgniter\Database\Exceptions\DatabaseException: Table 'tusbinright.user' doesn't exist
in SYSTEMPATH\Database\MySQLi\Connection.php on line 332.
 1 SYSTEMPATH\Database\BaseConnection.php(729): CodeIgniter\Database\MySQLi\Connection->execute('CALL GetAllUsers()')
 2 SYSTEMPATH\Database\BaseConnection.php(646): CodeIgniter\Database\BaseConnection->simpleQuery('CALL GetAllUsers()')
 3 APPPATH\Controllers\Admin\Users.php(22): CodeIgniter\Database\BaseConnection->query('CALL GetAllUsers()')
 4 SYSTEMPATH\CodeIgniter.php(933): App\Controllers\Admin\Users->getUsers()
 5 SYSTEMPATH\CodeIgniter.php(507): CodeIgniter\CodeIgniter->runController(Object(App\Controllers\Admin\Users))
 6 SYSTEMPATH\CodeIgniter.php(354): CodeIgniter\CodeIgniter->handleRequest(null, Object(Config\Cache), false)
 7 SYSTEMPATH\Boot.php(363): CodeIgniter\CodeIgniter->run()
 8 SYSTEMPATH\Boot.php(68): CodeIgniter\Boot::runCodeIgniter(Object(CodeIgniter\CodeIgniter))
 9 FCPATH\index.php(59): CodeIgniter\Boot::bootWeb(Object(Config\Paths))
CRITICAL - 2025-10-21 12:24:07 --> [Caused by] mysqli_sql_exception: Table 'tusbinright.user' doesn't exist
in SYSTEMPATH\Database\MySQLi\Connection.php on line 327.
 1 SYSTEMPATH\Database\MySQLi\Connection.php(327): mysqli->query('CALL GetAllUsers()', 0)
 2 SYSTEMPATH\Database\BaseConnection.php(729): CodeIgniter\Database\MySQLi\Connection->execute('CALL GetAllUsers()')
 3 SYSTEMPATH\Database\BaseConnection.php(646): CodeIgniter\Database\BaseConnection->simpleQuery('CALL GetAllUsers()')
 4 APPPATH\Controllers\Admin\Users.php(22): CodeIgniter\Database\BaseConnection->query('CALL GetAllUsers()')
 5 SYSTEMPATH\CodeIgniter.php(933): App\Controllers\Admin\Users->getUsers()
 6 SYSTEMPATH\CodeIgniter.php(507): CodeIgniter\CodeIgniter->runController(Object(App\Controllers\Admin\Users))
 7 SYSTEMPATH\CodeIgniter.php(354): CodeIgniter\CodeIgniter->handleRequest(null, Object(Config\Cache), false)
 8 SYSTEMPATH\Boot.php(363): CodeIgniter\CodeIgniter->run()
 9 SYSTEMPATH\Boot.php(68): CodeIgniter\Boot::runCodeIgniter(Object(CodeIgniter\CodeIgniter))
10 FCPATH\index.php(59): CodeIgniter\Boot::bootWeb(Object(Config\Paths))
ERROR - 2025-10-21 12:46:46 --> Error connecting to the database: mysqli_sql_exception: No connection could be made because the target machine actively refused it in C:\xampp\htdocs\tusbinright\system\Database\MySQLi\Connection.php:201
Stack trace:
#0 C:\xampp\htdocs\tusbinright\system\Database\MySQLi\Connection.php(201): mysqli->real_connect('localhost', 'root', Object(SensitiveParameterValue), 'tusbinright', 3306, '', 0)
#1 C:\xampp\htdocs\tusbinright\system\Database\BaseConnection.php(419): CodeIgniter\Database\MySQLi\Connection->connect(false)
#2 C:\xampp\htdocs\tusbinright\system\Database\BaseConnection.php(614): CodeIgniter\Database\BaseConnection->initialize()
#3 C:\xampp\htdocs\tusbinright\app\Controllers\Admin\Users.php(22): CodeIgniter\Database\BaseConnection->query('CALL GetAllUser...')
#4 C:\xampp\htdocs\tusbinright\system\CodeIgniter.php(933): App\Controllers\Admin\Users->getUsers()
#5 C:\xampp\htdocs\tusbinright\system\CodeIgniter.php(507): CodeIgniter\CodeIgniter->runController(Object(App\Controllers\Admin\Users))
#6 C:\xampp\htdocs\tusbinright\system\CodeIgniter.php(354): CodeIgniter\CodeIgniter->handleRequest(NULL, Object(Config\Cache), false)
#7 C:\xampp\htdocs\tusbinright\system\Boot.php(363): CodeIgniter\CodeIgniter->run()
#8 C:\xampp\htdocs\tusbinright\system\Boot.php(68): CodeIgniter\Boot::runCodeIgniter(Object(CodeIgniter\CodeIgniter))
#9 C:\xampp\htdocs\tusbinright\public\index.php(59): CodeIgniter\Boot::bootWeb(Object(Config\Paths))
#10 {main}

Next CodeIgniter\Database\Exceptions\DatabaseException: No connection could be made because the target machine actively refused it in C:\xampp\htdocs\tusbinright\system\Database\MySQLi\Connection.php:246
Stack trace:
#0 C:\xampp\htdocs\tusbinright\system\Database\BaseConnection.php(419): CodeIgniter\Database\MySQLi\Connection->connect(false)
#1 C:\xampp\htdocs\tusbinright\system\Database\BaseConnection.php(614): CodeIgniter\Database\BaseConnection->initialize()
#2 C:\xampp\htdocs\tusbinright\app\Controllers\Admin\Users.php(22): CodeIgniter\Database\BaseConnection->query('CALL GetAllUser...')
#3 C:\xampp\htdocs\tusbinright\system\CodeIgniter.php(933): App\Controllers\Admin\Users->getUsers()
#4 C:\xampp\htdocs\tusbinright\system\CodeIgniter.php(507): CodeIgniter\CodeIgniter->runController(Object(App\Controllers\Admin\Users))
#5 C:\xampp\htdocs\tusbinright\system\CodeIgniter.php(354): CodeIgniter\CodeIgniter->handleRequest(NULL, Object(Config\Cache), false)
#6 C:\xampp\htdocs\tusbinright\system\Boot.php(363): CodeIgniter\CodeIgniter->run()
#7 C:\xampp\htdocs\tusbinright\system\Boot.php(68): CodeIgniter\Boot::runCodeIgniter(Object(CodeIgniter\CodeIgniter))
#8 C:\xampp\htdocs\tusbinright\public\index.php(59): CodeIgniter\Boot::bootWeb(Object(Config\Paths))
#9 {main}
CRITICAL - 2025-10-21 12:46:46 --> CodeIgniter\Database\Exceptions\DatabaseException: Unable to connect to the database.
Main connection [MySQLi]: No connection could be made because the target machine actively refused it
[Method: GET, Route: admin/users]
in SYSTEMPATH\Database\BaseConnection.php on line 465.
 1 SYSTEMPATH\Database\BaseConnection.php(614): CodeIgniter\Database\BaseConnection->initialize()
 2 APPPATH\Controllers\Admin\Users.php(22): CodeIgniter\Database\BaseConnection->query('CALL GetAllUsers()')
 3 SYSTEMPATH\CodeIgniter.php(933): App\Controllers\Admin\Users->getUsers()
 4 SYSTEMPATH\CodeIgniter.php(507): CodeIgniter\CodeIgniter->runController(Object(App\Controllers\Admin\Users))
 5 SYSTEMPATH\CodeIgniter.php(354): CodeIgniter\CodeIgniter->handleRequest(null, Object(Config\Cache), false)
 6 SYSTEMPATH\Boot.php(363): CodeIgniter\CodeIgniter->run()
 7 SYSTEMPATH\Boot.php(68): CodeIgniter\Boot::runCodeIgniter(Object(CodeIgniter\CodeIgniter))
 8 FCPATH\index.php(59): CodeIgniter\Boot::bootWeb(Object(Config\Paths))
ERROR - 2025-10-21 12:46:48 --> Error connecting to the database: mysqli_sql_exception: No connection could be made because the target machine actively refused it in C:\xampp\htdocs\tusbinright\system\Database\MySQLi\Connection.php:201
Stack trace:
#0 C:\xampp\htdocs\tusbinright\system\Database\MySQLi\Connection.php(201): mysqli->real_connect('localhost', 'root', Object(SensitiveParameterValue), 'tusbinright', 3306, '', 0)
#1 C:\xampp\htdocs\tusbinright\system\Database\BaseConnection.php(419): CodeIgniter\Database\MySQLi\Connection->connect(false)
#2 C:\xampp\htdocs\tusbinright\system\Database\BaseConnection.php(614): CodeIgniter\Database\BaseConnection->initialize()
#3 C:\xampp\htdocs\tusbinright\app\Controllers\Admin\BinSteps.php(15): CodeIgniter\Database\BaseConnection->query('CALL GetBinStep...')
#4 C:\xampp\htdocs\tusbinright\system\CodeIgniter.php(933): App\Controllers\Admin\BinSteps->getSteps()
#5 C:\xampp\htdocs\tusbinright\system\CodeIgniter.php(507): CodeIgniter\CodeIgniter->runController(Object(App\Controllers\Admin\BinSteps))
#6 C:\xampp\htdocs\tusbinright\system\CodeIgniter.php(354): CodeIgniter\CodeIgniter->handleRequest(NULL, Object(Config\Cache), false)
#7 C:\xampp\htdocs\tusbinright\system\Boot.php(363): CodeIgniter\CodeIgniter->run()
#8 C:\xampp\htdocs\tusbinright\system\Boot.php(68): CodeIgniter\Boot::runCodeIgniter(Object(CodeIgniter\CodeIgniter))
#9 C:\xampp\htdocs\tusbinright\public\index.php(59): CodeIgniter\Boot::bootWeb(Object(Config\Paths))
#10 {main}

Next CodeIgniter\Database\Exceptions\DatabaseException: No connection could be made because the target machine actively refused it in C:\xampp\htdocs\tusbinright\system\Database\MySQLi\Connection.php:246
Stack trace:
#0 C:\xampp\htdocs\tusbinright\system\Database\BaseConnection.php(419): CodeIgniter\Database\MySQLi\Connection->connect(false)
#1 C:\xampp\htdocs\tusbinright\system\Database\BaseConnection.php(614): CodeIgniter\Database\BaseConnection->initialize()
#2 C:\xampp\htdocs\tusbinright\app\Controllers\Admin\BinSteps.php(15): CodeIgniter\Database\BaseConnection->query('CALL GetBinStep...')
#3 C:\xampp\htdocs\tusbinright\system\CodeIgniter.php(933): App\Controllers\Admin\BinSteps->getSteps()
#4 C:\xampp\htdocs\tusbinright\system\CodeIgniter.php(507): CodeIgniter\CodeIgniter->runController(Object(App\Controllers\Admin\BinSteps))
#5 C:\xampp\htdocs\tusbinright\system\CodeIgniter.php(354): CodeIgniter\CodeIgniter->handleRequest(NULL, Object(Config\Cache), false)
#6 C:\xampp\htdocs\tusbinright\system\Boot.php(363): CodeIgniter\CodeIgniter->run()
#7 C:\xampp\htdocs\tusbinright\system\Boot.php(68): CodeIgniter\Boot::runCodeIgniter(Object(CodeIgniter\CodeIgniter))
#8 C:\xampp\htdocs\tusbinright\public\index.php(59): CodeIgniter\Boot::bootWeb(Object(Config\Paths))
#9 {main}
ERROR - 2025-10-21 12:46:48 --> Error connecting to the database: mysqli_sql_exception: No connection could be made because the target machine actively refused it in C:\xampp\htdocs\tusbinright\system\Database\MySQLi\Connection.php:201
Stack trace:
#0 C:\xampp\htdocs\tusbinright\system\Database\MySQLi\Connection.php(201): mysqli->real_connect('localhost', 'root', Object(SensitiveParameterValue), 'tusbinright', 3306, '', 0)
#1 C:\xampp\htdocs\tusbinright\system\Database\BaseConnection.php(419): CodeIgniter\Database\MySQLi\Connection->connect(false)
#2 C:\xampp\htdocs\tusbinright\system\Database\BaseConnection.php(614): CodeIgniter\Database\BaseConnection->initialize()
#3 C:\xampp\htdocs\tusbinright\app\Controllers\Admin\BinTypes.php(15): CodeIgniter\Database\BaseConnection->query('CALL GetBinType...')
#4 C:\xampp\htdocs\tusbinright\system\CodeIgniter.php(933): App\Controllers\Admin\BinTypes->getTypes()
#5 C:\xampp\htdocs\tusbinright\system\CodeIgniter.php(507): CodeIgniter\CodeIgniter->runController(Object(App\Controllers\Admin\BinTypes))
#6 C:\xampp\htdocs\tusbinright\system\CodeIgniter.php(354): CodeIgniter\CodeIgniter->handleRequest(NULL, Object(Config\Cache), false)
#7 C:\xampp\htdocs\tusbinright\system\Boot.php(363): CodeIgniter\CodeIgniter->run()
#8 C:\xampp\htdocs\tusbinright\system\Boot.php(68): CodeIgniter\Boot::runCodeIgniter(Object(CodeIgniter\CodeIgniter))
#9 C:\xampp\htdocs\tusbinright\public\index.php(59): CodeIgniter\Boot::bootWeb(Object(Config\Paths))
#10 {main}

Next CodeIgniter\Database\Exceptions\DatabaseException: No connection could be made because the target machine actively refused it in C:\xampp\htdocs\tusbinright\system\Database\MySQLi\Connection.php:246
Stack trace:
#0 C:\xampp\htdocs\tusbinright\system\Database\BaseConnection.php(419): CodeIgniter\Database\MySQLi\Connection->connect(false)
#1 C:\xampp\htdocs\tusbinright\system\Database\BaseConnection.php(614): CodeIgniter\Database\BaseConnection->initialize()
#2 C:\xampp\htdocs\tusbinright\app\Controllers\Admin\BinTypes.php(15): CodeIgniter\Database\BaseConnection->query('CALL GetBinType...')
#3 C:\xampp\htdocs\tusbinright\system\CodeIgniter.php(933): App\Controllers\Admin\BinTypes->getTypes()
#4 C:\xampp\htdocs\tusbinright\system\CodeIgniter.php(507): CodeIgniter\CodeIgniter->runController(Object(App\Controllers\Admin\BinTypes))
#5 C:\xampp\htdocs\tusbinright\system\CodeIgniter.php(354): CodeIgniter\CodeIgniter->handleRequest(NULL, Object(Config\Cache), false)
#6 C:\xampp\htdocs\tusbinright\system\Boot.php(363): CodeIgniter\CodeIgniter->run()
#7 C:\xampp\htdocs\tusbinright\system\Boot.php(68): CodeIgniter\Boot::runCodeIgniter(Object(CodeIgniter\CodeIgniter))
#8 C:\xampp\htdocs\tusbinright\public\index.php(59): CodeIgniter\Boot::bootWeb(Object(Config\Paths))
#9 {main}
CRITICAL - 2025-10-21 12:46:48 --> CodeIgniter\Database\Exceptions\DatabaseException: Unable to connect to the database.
Main connection [MySQLi]: No connection could be made because the target machine actively refused it
[Method: GET, Route: admin/bin-steps]
in SYSTEMPATH\Database\BaseConnection.php on line 465.
 1 SYSTEMPATH\Database\BaseConnection.php(614): CodeIgniter\Database\BaseConnection->initialize()
 2 APPPATH\Controllers\Admin\BinSteps.php(15): CodeIgniter\Database\BaseConnection->query('CALL GetBinSteps()')
 3 SYSTEMPATH\CodeIgniter.php(933): App\Controllers\Admin\BinSteps->getSteps()
 4 SYSTEMPATH\CodeIgniter.php(507): CodeIgniter\CodeIgniter->runController(Object(App\Controllers\Admin\BinSteps))
 5 SYSTEMPATH\CodeIgniter.php(354): CodeIgniter\CodeIgniter->handleRequest(null, Object(Config\Cache), false)
 6 SYSTEMPATH\Boot.php(363): CodeIgniter\CodeIgniter->run()
 7 SYSTEMPATH\Boot.php(68): CodeIgniter\Boot::runCodeIgniter(Object(CodeIgniter\CodeIgniter))
 8 FCPATH\index.php(59): CodeIgniter\Boot::bootWeb(Object(Config\Paths))
CRITICAL - 2025-10-21 12:46:48 --> CodeIgniter\Database\Exceptions\DatabaseException: Unable to connect to the database.
Main connection [MySQLi]: No connection could be made because the target machine actively refused it
[Method: GET, Route: admin/bin-types]
in SYSTEMPATH\Database\BaseConnection.php on line 465.
 1 SYSTEMPATH\Database\BaseConnection.php(614): CodeIgniter\Database\BaseConnection->initialize()
 2 APPPATH\Controllers\Admin\BinTypes.php(15): CodeIgniter\Database\BaseConnection->query('CALL GetBinTypes()')
 3 SYSTEMPATH\CodeIgniter.php(933): App\Controllers\Admin\BinTypes->getTypes()
 4 SYSTEMPATH\CodeIgniter.php(507): CodeIgniter\CodeIgniter->runController(Object(App\Controllers\Admin\BinTypes))
 5 SYSTEMPATH\CodeIgniter.php(354): CodeIgniter\CodeIgniter->handleRequest(null, Object(Config\Cache), false)
 6 SYSTEMPATH\Boot.php(363): CodeIgniter\CodeIgniter->run()
 7 SYSTEMPATH\Boot.php(68): CodeIgniter\Boot::runCodeIgniter(Object(CodeIgniter\CodeIgniter))
 8 FCPATH\index.php(59): CodeIgniter\Boot::bootWeb(Object(Config\Paths))
ERROR - 2025-10-21 12:46:50 --> Error connecting to the database: mysqli_sql_exception: No connection could be made because the target machine actively refused it in C:\xampp\htdocs\tusbinright\system\Database\MySQLi\Connection.php:201
Stack trace:
#0 C:\xampp\htdocs\tusbinright\system\Database\MySQLi\Connection.php(201): mysqli->real_connect('localhost', 'root', Object(SensitiveParameterValue), 'tusbinright', 3306, '', 0)
#1 C:\xampp\htdocs\tusbinright\system\Database\BaseConnection.php(419): CodeIgniter\Database\MySQLi\Connection->connect(false)
#2 C:\xampp\htdocs\tusbinright\system\Database\BaseConnection.php(614): CodeIgniter\Database\BaseConnection->initialize()
#3 C:\xampp\htdocs\tusbinright\app\Controllers\Admin\Users.php(22): CodeIgniter\Database\BaseConnection->query('CALL GetAllUser...')
#4 C:\xampp\htdocs\tusbinright\system\CodeIgniter.php(933): App\Controllers\Admin\Users->getUsers()
#5 C:\xampp\htdocs\tusbinright\system\CodeIgniter.php(507): CodeIgniter\CodeIgniter->runController(Object(App\Controllers\Admin\Users))
#6 C:\xampp\htdocs\tusbinright\system\CodeIgniter.php(354): CodeIgniter\CodeIgniter->handleRequest(NULL, Object(Config\Cache), false)
#7 C:\xampp\htdocs\tusbinright\system\Boot.php(363): CodeIgniter\CodeIgniter->run()
#8 C:\xampp\htdocs\tusbinright\system\Boot.php(68): CodeIgniter\Boot::runCodeIgniter(Object(CodeIgniter\CodeIgniter))
#9 C:\xampp\htdocs\tusbinright\public\index.php(59): CodeIgniter\Boot::bootWeb(Object(Config\Paths))
#10 {main}

Next CodeIgniter\Database\Exceptions\DatabaseException: No connection could be made because the target machine actively refused it in C:\xampp\htdocs\tusbinright\system\Database\MySQLi\Connection.php:246
Stack trace:
#0 C:\xampp\htdocs\tusbinright\system\Database\BaseConnection.php(419): CodeIgniter\Database\MySQLi\Connection->connect(false)
#1 C:\xampp\htdocs\tusbinright\system\Database\BaseConnection.php(614): CodeIgniter\Database\BaseConnection->initialize()
#2 C:\xampp\htdocs\tusbinright\app\Controllers\Admin\Users.php(22): CodeIgniter\Database\BaseConnection->query('CALL GetAllUser...')
#3 C:\xampp\htdocs\tusbinright\system\CodeIgniter.php(933): App\Controllers\Admin\Users->getUsers()
#4 C:\xampp\htdocs\tusbinright\system\CodeIgniter.php(507): CodeIgniter\CodeIgniter->runController(Object(App\Controllers\Admin\Users))
#5 C:\xampp\htdocs\tusbinright\system\CodeIgniter.php(354): CodeIgniter\CodeIgniter->handleRequest(NULL, Object(Config\Cache), false)
#6 C:\xampp\htdocs\tusbinright\system\Boot.php(363): CodeIgniter\CodeIgniter->run()
#7 C:\xampp\htdocs\tusbinright\system\Boot.php(68): CodeIgniter\Boot::runCodeIgniter(Object(CodeIgniter\CodeIgniter))
#8 C:\xampp\htdocs\tusbinright\public\index.php(59): CodeIgniter\Boot::bootWeb(Object(Config\Paths))
#9 {main}
CRITICAL - 2025-10-21 12:46:50 --> CodeIgniter\Database\Exceptions\DatabaseException: Unable to connect to the database.
Main connection [MySQLi]: No connection could be made because the target machine actively refused it
[Method: GET, Route: admin/users]
in SYSTEMPATH\Database\BaseConnection.php on line 465.
 1 SYSTEMPATH\Database\BaseConnection.php(614): CodeIgniter\Database\BaseConnection->initialize()
 2 APPPATH\Controllers\Admin\Users.php(22): CodeIgniter\Database\BaseConnection->query('CALL GetAllUsers()')
 3 SYSTEMPATH\CodeIgniter.php(933): App\Controllers\Admin\Users->getUsers()
 4 SYSTEMPATH\CodeIgniter.php(507): CodeIgniter\CodeIgniter->runController(Object(App\Controllers\Admin\Users))
 5 SYSTEMPATH\CodeIgniter.php(354): CodeIgniter\CodeIgniter->handleRequest(null, Object(Config\Cache), false)
 6 SYSTEMPATH\Boot.php(363): CodeIgniter\CodeIgniter->run()
 7 SYSTEMPATH\Boot.php(68): CodeIgniter\Boot::runCodeIgniter(Object(CodeIgniter\CodeIgniter))
 8 FCPATH\index.php(59): CodeIgniter\Boot::bootWeb(Object(Config\Paths))
ERROR - 2025-10-21 12:46:52 --> Error connecting to the database: mysqli_sql_exception: No connection could be made because the target machine actively refused it in C:\xampp\htdocs\tusbinright\system\Database\MySQLi\Connection.php:201
Stack trace:
#0 C:\xampp\htdocs\tusbinright\system\Database\MySQLi\Connection.php(201): mysqli->real_connect('localhost', 'root', Object(SensitiveParameterValue), 'tusbinright', 3306, '', 0)
#1 C:\xampp\htdocs\tusbinright\system\Database\BaseConnection.php(419): CodeIgniter\Database\MySQLi\Connection->connect(false)
#2 C:\xampp\htdocs\tusbinright\system\Database\BaseConnection.php(614): CodeIgniter\Database\BaseConnection->initialize()
#3 C:\xampp\htdocs\tusbinright\system\Database\BaseBuilder.php(1649): CodeIgniter\Database\BaseConnection->query('SELECT `users`....', Array, false)
#4 C:\xampp\htdocs\tusbinright\app\Controllers\AuthController.php(205): CodeIgniter\Database\BaseBuilder->get()
#5 C:\xampp\htdocs\tusbinright\system\CodeIgniter.php(933): App\Controllers\AuthController->profile()
#6 C:\xampp\htdocs\tusbinright\system\CodeIgniter.php(507): CodeIgniter\CodeIgniter->runController(Object(App\Controllers\AuthController))
#7 C:\xampp\htdocs\tusbinright\system\CodeIgniter.php(354): CodeIgniter\CodeIgniter->handleRequest(NULL, Object(Config\Cache), false)
#8 C:\xampp\htdocs\tusbinright\system\Boot.php(363): CodeIgniter\CodeIgniter->run()
#9 C:\xampp\htdocs\tusbinright\system\Boot.php(68): CodeIgniter\Boot::runCodeIgniter(Object(CodeIgniter\CodeIgniter))
#10 C:\xampp\htdocs\tusbinright\public\index.php(59): CodeIgniter\Boot::bootWeb(Object(Config\Paths))
#11 {main}

Next CodeIgniter\Database\Exceptions\DatabaseException: No connection could be made because the target machine actively refused it in C:\xampp\htdocs\tusbinright\system\Database\MySQLi\Connection.php:246
Stack trace:
#0 C:\xampp\htdocs\tusbinright\system\Database\BaseConnection.php(419): CodeIgniter\Database\MySQLi\Connection->connect(false)
#1 C:\xampp\htdocs\tusbinright\system\Database\BaseConnection.php(614): CodeIgniter\Database\BaseConnection->initialize()
#2 C:\xampp\htdocs\tusbinright\system\Database\BaseBuilder.php(1649): CodeIgniter\Database\BaseConnection->query('SELECT `users`....', Array, false)
#3 C:\xampp\htdocs\tusbinright\app\Controllers\AuthController.php(205): CodeIgniter\Database\BaseBuilder->get()
#4 C:\xampp\htdocs\tusbinright\system\CodeIgniter.php(933): App\Controllers\AuthController->profile()
#5 C:\xampp\htdocs\tusbinright\system\CodeIgniter.php(507): CodeIgniter\CodeIgniter->runController(Object(App\Controllers\AuthController))
#6 C:\xampp\htdocs\tusbinright\system\CodeIgniter.php(354): CodeIgniter\CodeIgniter->handleRequest(NULL, Object(Config\Cache), false)
#7 C:\xampp\htdocs\tusbinright\system\Boot.php(363): CodeIgniter\CodeIgniter->run()
#8 C:\xampp\htdocs\tusbinright\system\Boot.php(68): CodeIgniter\Boot::runCodeIgniter(Object(CodeIgniter\CodeIgniter))
#9 C:\xampp\htdocs\tusbinright\public\index.php(59): CodeIgniter\Boot::bootWeb(Object(Config\Paths))
#10 {main}
ERROR - 2025-10-21 12:46:52 --> Profile fetch failed: Unable to connect to the database.
Main connection [MySQLi]: No connection could be made because the target machine actively refused it
ERROR - 2025-10-21 12:46:52 --> Error connecting to the database: mysqli_sql_exception: No connection could be made because the target machine actively refused it in C:\xampp\htdocs\tusbinright\system\Database\MySQLi\Connection.php:201
Stack trace:
#0 C:\xampp\htdocs\tusbinright\system\Database\MySQLi\Connection.php(201): mysqli->real_connect('localhost', 'root', Object(SensitiveParameterValue), 'tusbinright', 3306, '', 0)
#1 C:\xampp\htdocs\tusbinright\system\Database\BaseConnection.php(419): CodeIgniter\Database\MySQLi\Connection->connect(false)
#2 C:\xampp\htdocs\tusbinright\system\Database\BaseConnection.php(614): CodeIgniter\Database\BaseConnection->initialize()
#3 C:\xampp\htdocs\tusbinright\app\Controllers\Admin\Users.php(22): CodeIgniter\Database\BaseConnection->query('CALL GetAllUser...')
#4 C:\xampp\htdocs\tusbinright\system\CodeIgniter.php(933): App\Controllers\Admin\Users->getUsers()
#5 C:\xampp\htdocs\tusbinright\system\CodeIgniter.php(507): CodeIgniter\CodeIgniter->runController(Object(App\Controllers\Admin\Users))
#6 C:\xampp\htdocs\tusbinright\system\CodeIgniter.php(354): CodeIgniter\CodeIgniter->handleRequest(NULL, Object(Config\Cache), false)
#7 C:\xampp\htdocs\tusbinright\system\Boot.php(363): CodeIgniter\CodeIgniter->run()
#8 C:\xampp\htdocs\tusbinright\system\Boot.php(68): CodeIgniter\Boot::runCodeIgniter(Object(CodeIgniter\CodeIgniter))
#9 C:\xampp\htdocs\tusbinright\public\index.php(59): CodeIgniter\Boot::bootWeb(Object(Config\Paths))
#10 {main}

Next CodeIgniter\Database\Exceptions\DatabaseException: No connection could be made because the target machine actively refused it in C:\xampp\htdocs\tusbinright\system\Database\MySQLi\Connection.php:246
Stack trace:
#0 C:\xampp\htdocs\tusbinright\system\Database\BaseConnection.php(419): CodeIgniter\Database\MySQLi\Connection->connect(false)
#1 C:\xampp\htdocs\tusbinright\system\Database\BaseConnection.php(614): CodeIgniter\Database\BaseConnection->initialize()
#2 C:\xampp\htdocs\tusbinright\app\Controllers\Admin\Users.php(22): CodeIgniter\Database\BaseConnection->query('CALL GetAllUser...')
#3 C:\xampp\htdocs\tusbinright\system\CodeIgniter.php(933): App\Controllers\Admin\Users->getUsers()
#4 C:\xampp\htdocs\tusbinright\system\CodeIgniter.php(507): CodeIgniter\CodeIgniter->runController(Object(App\Controllers\Admin\Users))
#5 C:\xampp\htdocs\tusbinright\system\CodeIgniter.php(354): CodeIgniter\CodeIgniter->handleRequest(NULL, Object(Config\Cache), false)
#6 C:\xampp\htdocs\tusbinright\system\Boot.php(363): CodeIgniter\CodeIgniter->run()
#7 C:\xampp\htdocs\tusbinright\system\Boot.php(68): CodeIgniter\Boot::runCodeIgniter(Object(CodeIgniter\CodeIgniter))
#8 C:\xampp\htdocs\tusbinright\public\index.php(59): CodeIgniter\Boot::bootWeb(Object(Config\Paths))
#9 {main}
CRITICAL - 2025-10-21 12:46:52 --> CodeIgniter\Database\Exceptions\DatabaseException: Unable to connect to the database.
Main connection [MySQLi]: No connection could be made because the target machine actively refused it
[Method: GET, Route: admin/users]
in SYSTEMPATH\Database\BaseConnection.php on line 465.
 1 SYSTEMPATH\Database\BaseConnection.php(614): CodeIgniter\Database\BaseConnection->initialize()
 2 APPPATH\Controllers\Admin\Users.php(22): CodeIgniter\Database\BaseConnection->query('CALL GetAllUsers()')
 3 SYSTEMPATH\CodeIgniter.php(933): App\Controllers\Admin\Users->getUsers()
 4 SYSTEMPATH\CodeIgniter.php(507): CodeIgniter\CodeIgniter->runController(Object(App\Controllers\Admin\Users))
 5 SYSTEMPATH\CodeIgniter.php(354): CodeIgniter\CodeIgniter->handleRequest(null, Object(Config\Cache), false)
 6 SYSTEMPATH\Boot.php(363): CodeIgniter\CodeIgniter->run()
 7 SYSTEMPATH\Boot.php(68): CodeIgniter\Boot::runCodeIgniter(Object(CodeIgniter\CodeIgniter))
 8 FCPATH\index.php(59): CodeIgniter\Boot::bootWeb(Object(Config\Paths))
ERROR - 2025-10-21 12:47:00 --> Error connecting to the database: mysqli_sql_exception: No connection could be made because the target machine actively refused it in C:\xampp\htdocs\tusbinright\system\Database\MySQLi\Connection.php:201
Stack trace:
#0 C:\xampp\htdocs\tusbinright\system\Database\MySQLi\Connection.php(201): mysqli->real_connect('localhost', 'root', Object(SensitiveParameterValue), 'tusbinright', 3306, '', 0)
#1 C:\xampp\htdocs\tusbinright\system\Database\BaseConnection.php(419): CodeIgniter\Database\MySQLi\Connection->connect(false)
#2 C:\xampp\htdocs\tusbinright\system\Database\BaseConnection.php(614): CodeIgniter\Database\BaseConnection->initialize()
#3 C:\xampp\htdocs\tusbinright\app\Controllers\Admin\BinSteps.php(15): CodeIgniter\Database\BaseConnection->query('CALL GetBinStep...')
#4 C:\xampp\htdocs\tusbinright\system\CodeIgniter.php(933): App\Controllers\Admin\BinSteps->getSteps()
#5 C:\xampp\htdocs\tusbinright\system\CodeIgniter.php(507): CodeIgniter\CodeIgniter->runController(Object(App\Controllers\Admin\BinSteps))
#6 C:\xampp\htdocs\tusbinright\system\CodeIgniter.php(354): CodeIgniter\CodeIgniter->handleRequest(NULL, Object(Config\Cache), false)
#7 C:\xampp\htdocs\tusbinright\system\Boot.php(363): CodeIgniter\CodeIgniter->run()
#8 C:\xampp\htdocs\tusbinright\system\Boot.php(68): CodeIgniter\Boot::runCodeIgniter(Object(CodeIgniter\CodeIgniter))
#9 C:\xampp\htdocs\tusbinright\public\index.php(59): CodeIgniter\Boot::bootWeb(Object(Config\Paths))
#10 {main}

Next CodeIgniter\Database\Exceptions\DatabaseException: No connection could be made because the target machine actively refused it in C:\xampp\htdocs\tusbinright\system\Database\MySQLi\Connection.php:246
Stack trace:
#0 C:\xampp\htdocs\tusbinright\system\Database\BaseConnection.php(419): CodeIgniter\Database\MySQLi\Connection->connect(false)
#1 C:\xampp\htdocs\tusbinright\system\Database\BaseConnection.php(614): CodeIgniter\Database\BaseConnection->initialize()
#2 C:\xampp\htdocs\tusbinright\app\Controllers\Admin\BinSteps.php(15): CodeIgniter\Database\BaseConnection->query('CALL GetBinStep...')
#3 C:\xampp\htdocs\tusbinright\system\CodeIgniter.php(933): App\Controllers\Admin\BinSteps->getSteps()
#4 C:\xampp\htdocs\tusbinright\system\CodeIgniter.php(507): CodeIgniter\CodeIgniter->runController(Object(App\Controllers\Admin\BinSteps))
#5 C:\xampp\htdocs\tusbinright\system\CodeIgniter.php(354): CodeIgniter\CodeIgniter->handleRequest(NULL, Object(Config\Cache), false)
#6 C:\xampp\htdocs\tusbinright\system\Boot.php(363): CodeIgniter\CodeIgniter->run()
#7 C:\xampp\htdocs\tusbinright\system\Boot.php(68): CodeIgniter\Boot::runCodeIgniter(Object(CodeIgniter\CodeIgniter))
#8 C:\xampp\htdocs\tusbinright\public\index.php(59): CodeIgniter\Boot::bootWeb(Object(Config\Paths))
#9 {main}
CRITICAL - 2025-10-21 12:47:00 --> CodeIgniter\Database\Exceptions\DatabaseException: Unable to connect to the database.
Main connection [MySQLi]: No connection could be made because the target machine actively refused it
[Method: GET, Route: admin/bin-steps]
in SYSTEMPATH\Database\BaseConnection.php on line 465.
 1 SYSTEMPATH\Database\BaseConnection.php(614): CodeIgniter\Database\BaseConnection->initialize()
 2 APPPATH\Controllers\Admin\BinSteps.php(15): CodeIgniter\Database\BaseConnection->query('CALL GetBinSteps()')
 3 SYSTEMPATH\CodeIgniter.php(933): App\Controllers\Admin\BinSteps->getSteps()
 4 SYSTEMPATH\CodeIgniter.php(507): CodeIgniter\CodeIgniter->runController(Object(App\Controllers\Admin\BinSteps))
 5 SYSTEMPATH\CodeIgniter.php(354): CodeIgniter\CodeIgniter->handleRequest(null, Object(Config\Cache), false)
 6 SYSTEMPATH\Boot.php(363): CodeIgniter\CodeIgniter->run()
 7 SYSTEMPATH\Boot.php(68): CodeIgniter\Boot::runCodeIgniter(Object(CodeIgniter\CodeIgniter))
 8 FCPATH\index.php(59): CodeIgniter\Boot::bootWeb(Object(Config\Paths))
ERROR - 2025-10-21 12:47:00 --> Error connecting to the database: mysqli_sql_exception: No connection could be made because the target machine actively refused it in C:\xampp\htdocs\tusbinright\system\Database\MySQLi\Connection.php:201
Stack trace:
#0 C:\xampp\htdocs\tusbinright\system\Database\MySQLi\Connection.php(201): mysqli->real_connect('localhost', 'root', Object(SensitiveParameterValue), 'tusbinright', 3306, '', 0)
#1 C:\xampp\htdocs\tusbinright\system\Database\BaseConnection.php(419): CodeIgniter\Database\MySQLi\Connection->connect(false)
#2 C:\xampp\htdocs\tusbinright\system\Database\BaseConnection.php(614): CodeIgniter\Database\BaseConnection->initialize()
#3 C:\xampp\htdocs\tusbinright\app\Controllers\Admin\BinTypes.php(15): CodeIgniter\Database\BaseConnection->query('CALL GetBinType...')
#4 C:\xampp\htdocs\tusbinright\system\CodeIgniter.php(933): App\Controllers\Admin\BinTypes->getTypes()
#5 C:\xampp\htdocs\tusbinright\system\CodeIgniter.php(507): CodeIgniter\CodeIgniter->runController(Object(App\Controllers\Admin\BinTypes))
#6 C:\xampp\htdocs\tusbinright\system\CodeIgniter.php(354): CodeIgniter\CodeIgniter->handleRequest(NULL, Object(Config\Cache), false)
#7 C:\xampp\htdocs\tusbinright\system\Boot.php(363): CodeIgniter\CodeIgniter->run()
#8 C:\xampp\htdocs\tusbinright\system\Boot.php(68): CodeIgniter\Boot::runCodeIgniter(Object(CodeIgniter\CodeIgniter))
#9 C:\xampp\htdocs\tusbinright\public\index.php(59): CodeIgniter\Boot::bootWeb(Object(Config\Paths))
#10 {main}

Next CodeIgniter\Database\Exceptions\DatabaseException: No connection could be made because the target machine actively refused it in C:\xampp\htdocs\tusbinright\system\Database\MySQLi\Connection.php:246
Stack trace:
#0 C:\xampp\htdocs\tusbinright\system\Database\BaseConnection.php(419): CodeIgniter\Database\MySQLi\Connection->connect(false)
#1 C:\xampp\htdocs\tusbinright\system\Database\BaseConnection.php(614): CodeIgniter\Database\BaseConnection->initialize()
#2 C:\xampp\htdocs\tusbinright\app\Controllers\Admin\BinTypes.php(15): CodeIgniter\Database\BaseConnection->query('CALL GetBinType...')
#3 C:\xampp\htdocs\tusbinright\system\CodeIgniter.php(933): App\Controllers\Admin\BinTypes->getTypes()
#4 C:\xampp\htdocs\tusbinright\system\CodeIgniter.php(507): CodeIgniter\CodeIgniter->runController(Object(App\Controllers\Admin\BinTypes))
#5 C:\xampp\htdocs\tusbinright\system\CodeIgniter.php(354): CodeIgniter\CodeIgniter->handleRequest(NULL, Object(Config\Cache), false)
#6 C:\xampp\htdocs\tusbinright\system\Boot.php(363): CodeIgniter\CodeIgniter->run()
#7 C:\xampp\htdocs\tusbinright\system\Boot.php(68): CodeIgniter\Boot::runCodeIgniter(Object(CodeIgniter\CodeIgniter))
#8 C:\xampp\htdocs\tusbinright\public\index.php(59): CodeIgniter\Boot::bootWeb(Object(Config\Paths))
#9 {main}
CRITICAL - 2025-10-21 12:47:00 --> CodeIgniter\Database\Exceptions\DatabaseException: Unable to connect to the database.
Main connection [MySQLi]: No connection could be made because the target machine actively refused it
[Method: GET, Route: admin/bin-types]
in SYSTEMPATH\Database\BaseConnection.php on line 465.
 1 SYSTEMPATH\Database\BaseConnection.php(614): CodeIgniter\Database\BaseConnection->initialize()
 2 APPPATH\Controllers\Admin\BinTypes.php(15): CodeIgniter\Database\BaseConnection->query('CALL GetBinTypes()')
 3 SYSTEMPATH\CodeIgniter.php(933): App\Controllers\Admin\BinTypes->getTypes()
 4 SYSTEMPATH\CodeIgniter.php(507): CodeIgniter\CodeIgniter->runController(Object(App\Controllers\Admin\BinTypes))
 5 SYSTEMPATH\CodeIgniter.php(354): CodeIgniter\CodeIgniter->handleRequest(null, Object(Config\Cache), false)
 6 SYSTEMPATH\Boot.php(363): CodeIgniter\CodeIgniter->run()
 7 SYSTEMPATH\Boot.php(68): CodeIgniter\Boot::runCodeIgniter(Object(CodeIgniter\CodeIgniter))
 8 FCPATH\index.php(59): CodeIgniter\Boot::bootWeb(Object(Config\Paths))
